<?xml version="1.0" encoding="UTF-8"?>
<!-- Generated by org.testng.reporters.JUnitReportReporter -->
<testsuite hostname="imran-DevOps" failures="0" tests="1" name="tests.FirstTest" time="10.125" errors="0" timestamp="2022-05-25T16:50:40 BDT" skipped="0">
  <testcase classname="tests.FirstTest" name="test1" time="10.125"/>
  <system-out/>
</testsuite> <!-- tests.FirstTest -->
