<?xml version="1.0" encoding="UTF-8"?>
<!-- Generated by org.testng.reporters.JUnitReportReporter -->
<testsuite hostname="imran-DevOps" failures="0" tests="1" name="tests.CurrencyTest" time="35.201" errors="0" timestamp="2022-05-25T16:50:40 BDT" skipped="0">
  <testcase classname="tests.CurrencyTest" name="currencyTest" time="35.201"/>
  <system-out/>
</testsuite> <!-- tests.CurrencyTest -->
