<?xml version="1.0" encoding="UTF-8"?>
<!-- Generated by org.testng.reporters.JUnitReportReporter -->
<testsuite hostname="imran-DevOps" failures="0" tests="1" name="tests.SecondTest" time="7.076" errors="0" timestamp="2022-05-25T16:50:40 BDT" skipped="0">
  <testcase classname="tests.SecondTest" name="testFieldBlank" time="7.076"/>
  <system-out/>
</testsuite> <!-- tests.SecondTest -->
